2016-08-16 10:15:38 paged_title() [Blog o marketingu, seo i biznesie] [ - Part 2]
2016-08-16 10:17:10 paged_title() [Blog o marketingu, seo i biznesie] [ - Part 5]
2016-08-16 10:42:11 paged_title() [Blog o marketingu, seo i biznesie] [ - Part 3]
2016-08-16 10:48:54 paged_title() [Seo | Blog o marketingu, seo i biznesie] [ - Part 2]
2016-08-16 10:48:56 paged_title() [Seo | Blog o marketingu, seo i biznesie] [ - Part 2]
2016-08-16 14:23:50 paged_title() [Marketing | Blog o marketingu, seo i biznesie] [ - Part 2]
2016-08-16 17:37:12 paged_title() [Blog o marketingu, seo i biznesie] [ - Part 3]
2016-08-16 17:37:14 paged_title() [Blog o marketingu, seo i biznesie] [ - Part 3]
2016-08-16 19:46:11 paged_title() [Seo | Blog o marketingu, seo i biznesie] [ - Part 2]
2016-08-17 09:03:39 paged_title() [Katalog Stron | Blog o marketingu, seo i biznesie] [ - Part 2]
2016-08-17 13:52:25 paged_title() [Katalog | Blog o marketingu, seo i biznesie] [ - Part 2]
2016-08-17 23:46:36 paged_title() [Seo | Blog o marketingu, seo i biznesie] [ - Part 2]
2016-08-18 07:21:03 paged_title() [Internet | Blog o marketingu, seo i biznesie] [ - Part 2]
2016-08-18 16:17:31 paged_title() [Blog o marketingu, seo i biznesie] [ - Part 3]
2016-08-18 16:17:55 paged_title() [Blog o marketingu, seo i biznesie] [ - Part 3]
2016-08-18 16:17:56 paged_title() [Blog o marketingu, seo i biznesie] [ - Part 3]
2016-08-18 17:09:36 paged_title() [GD | Blog o marketingu, seo i biznesie] [ - Part 3]
2016-08-18 23:49:12 paged_title() [Katalogi | Blog o marketingu, seo i biznesie] [ - Part 2]
2016-08-19 04:38:26 paged_title() [Blog o marketingu, seo i biznesie] [ - Part 2]
2016-08-19 04:38:30 paged_title() [Blog o marketingu, seo i biznesie] [ - Part 2]
2016-08-19 07:11:17 paged_title() [Katalogi stron | Blog o marketingu, seo i biznesie] [ - Part 2]
2016-08-19 11:02:05 paged_title() [Marketing | Blog o marketingu, seo i biznesie] [ - Part 2]
2016-08-19 14:29:27 paged_title() [Seo | Blog o marketingu, seo i biznesie] [ - Part 2]
2016-08-19 14:29:29 paged_title() [Blog o marketingu, seo i biznesie] [ - Part 5]
2016-08-19 17:59:12 paged_title() [Blog o marketingu, seo i biznesie] [ - Part 4]
2016-08-19 20:37:58 paged_title() [Pozycjonowanie | Blog o marketingu, seo i biznesie] [ - Part 2]
2016-08-20 13:12:17 paged_title() [GD | Blog o marketingu, seo i biznesie] [ - Part 3]
2016-08-21 02:02:42 paged_title() [Blog o marketingu, seo i biznesie] [ - Part 4]
2016-08-21 10:02:49 paged_title() [Katalog Stron | Blog o marketingu, seo i biznesie] [ - Part 2]
2016-08-21 13:38:53 paged_title() [Blog o marketingu, seo i biznesie] [ - Part 5]
2016-08-21 13:39:02 paged_title() [Blog o marketingu, seo i biznesie] [ - Part 3]
2016-08-21 13:39:06 paged_title() [Blog o marketingu, seo i biznesie] [ - Part 2]
2016-08-21 14:00:57 paged_title() [Seo | Blog o marketingu, seo i biznesie] [ - Part 2]
2016-08-21 14:06:52 paged_title() [GD | Blog o marketingu, seo i biznesie] [ - Part 3]
2016-08-21 14:08:26 paged_title() [GD | Blog o marketingu, seo i biznesie] [ - Part 5]
2016-08-21 14:09:21 paged_title() [GD | Blog o marketingu, seo i biznesie] [ - Part 2]
2016-08-21 14:14:17 paged_title() [Firma | Blog o marketingu, seo i biznesie] [ - Part 2]
2016-08-21 14:14:21 paged_title() [Katalog | Blog o marketingu, seo i biznesie] [ - Part 2]
2016-08-21 14:20:02 paged_title() [Katalogi | Blog o marketingu, seo i biznesie] [ - Part 2]
2016-08-21 14:24:22 paged_title() [Katalogi stron | Blog o marketingu, seo i biznesie] [ - Part 2]
2016-08-21 17:08:15 paged_title() [Blog o marketingu, seo i biznesie] [ - Part 3]
2016-08-21 17:08:16 paged_title() [Blog o marketingu, seo i biznesie] [ - Part 3]
2016-08-21 17:12:11 paged_title() [Blog o marketingu, seo i biznesie] [ - Part 3]
2016-08-21 17:12:13 paged_title() [Blog o marketingu, seo i biznesie] [ - Part 3]
2016-08-22 13:52:27 paged_title() [Katalog Stron | Blog o marketingu, seo i biznesie] [ - Part 2]
2016-08-22 13:52:46 paged_title() [Internet | Blog o marketingu, seo i biznesie] [ - Part 2]
2016-08-22 13:52:51 paged_title() [GD | Blog o marketingu, seo i biznesie] [ - Part 4]
2016-08-22 15:47:16 paged_title() [Marketing | Blog o marketingu, seo i biznesie] [ - Part 2]
2016-08-22 17:23:23 paged_title() [Katalogi stron | Blog o marketingu, seo i biznesie] [ - Part 2]
2016-08-22 18:31:18 paged_title() [GD | Blog o marketingu, seo i biznesie] [ - Part 2]
2016-08-22 23:40:27 paged_title() [GD | Blog o marketingu, seo i biznesie] [ - Part 3]
2016-08-23 00:09:05 paged_title() [GD | Blog o marketingu, seo i biznesie] [ - Part 3]
2016-08-23 00:32:22 paged_title() [Firma | Blog o marketingu, seo i biznesie] [ - Part 2]
2016-08-23 06:00:12 paged_title() [Blog o marketingu, seo i biznesie] [ - Part 2]
2016-08-23 10:29:46 paged_title() [Seo | Blog o marketingu, seo i biznesie] [ - Part 2]
2016-08-23 13:09:14 paged_title() [Blog o marketingu, seo i biznesie] [ - Part 4]
2016-08-23 15:21:25 paged_title() [GD | Blog o marketingu, seo i biznesie] [ - Part 5]
2016-08-24 10:12:23 paged_title() [GD | Blog o marketingu, seo i biznesie] [ - Part 2]
2016-08-24 12:24:45 paged_title() [Firma | Blog o marketingu, seo i biznesie] [ - Part 2]
2016-08-24 12:30:53 paged_title() [GD | Blog o marketingu, seo i biznesie] [ - Part 3]
2016-08-24 12:30:55 paged_title() [GD | Blog o marketingu, seo i biznesie] [ - Part 3]
2016-08-24 12:31:26 paged_title() [GD | Blog o marketingu, seo i biznesie] [ - Part 3]
2016-08-24 12:31:27 paged_title() [GD | Blog o marketingu, seo i biznesie] [ - Part 3]
2016-08-24 13:14:46 paged_title() [Blog o marketingu, seo i biznesie] [ - Part 3]
2016-08-24 13:14:48 paged_title() [Blog o marketingu, seo i biznesie] [ - Part 3]
2016-08-24 13:15:27 paged_title() [Blog o marketingu, seo i biznesie] [ - Part 3]
2016-08-24 13:15:29 paged_title() [Blog o marketingu, seo i biznesie] [ - Part 3]
2016-08-24 14:01:35 paged_title() [Seo | Blog o marketingu, seo i biznesie] [ - Part 2]
2016-08-24 15:49:20 paged_title() [Blog o marketingu, seo i biznesie] [ - Part 3]
2016-08-24 15:49:35 paged_title() [Blog o marketingu, seo i biznesie] [ - Part 3]
2016-08-24 15:49:36 paged_title() [Blog o marketingu, seo i biznesie] [ - Part 3]
2016-08-24 17:47:48 paged_title() [Blog o marketingu, seo i biznesie] [ - Part 3]
2016-08-24 17:47:49 paged_title() [Blog o marketingu, seo i biznesie] [ - Part 3]
2016-08-24 17:55:38 paged_title() [Blog o marketingu, seo i biznesie] [ - Part 3]
2016-08-24 17:55:39 paged_title() [Blog o marketingu, seo i biznesie] [ - Part 3]
2016-08-24 20:43:42 paged_title() [Blog o marketingu, seo i biznesie] [ - Part 3]
2016-08-24 20:43:43 paged_title() [Blog o marketingu, seo i biznesie] [ - Part 3]
2016-08-24 22:04:42 paged_title() [Blog o marketingu, seo i biznesie] [ - Part 2]
2016-08-24 22:04:56 paged_title() [Blog o marketingu, seo i biznesie] [ - Part 3]
2016-08-25 03:03:14 paged_title() [Katalogi | Blog o marketingu, seo i biznesie] [ - Part 2]
2016-08-25 03:03:35 paged_title() [Katalogi | Blog o marketingu, seo i biznesie] [ - Part 2]
2016-08-25 03:03:37 paged_title() [Katalogi | Blog o marketingu, seo i biznesie] [ - Part 2]
2016-08-25 07:47:31 paged_title() [Pozycjonowanie | Blog o marketingu, seo i biznesie] [ - Part 2]
2016-08-25 10:04:53 paged_title() [Blog o marketingu, seo i biznesie] [ - Part 3]
2016-08-25 12:03:28 paged_title() [Marketing | Blog o marketingu, seo i biznesie] [ - Part 2]
2016-08-25 14:15:15 paged_title() [Blog o marketingu, seo i biznesie] [ - Part 2]
2016-08-25 14:15:52 paged_title() [Blog o marketingu, seo i biznesie] [ - Part 4]
2016-08-25 14:16:02 paged_title() [Blog o marketingu, seo i biznesie] [ - Part 5]
2016-08-25 15:03:27 paged_title() [Katalogi | Blog o marketingu, seo i biznesie] [ - Part 2]
2016-08-25 15:03:29 paged_title() [Katalogi | Blog o marketingu, seo i biznesie] [ - Part 2]
2016-08-25 19:32:53 paged_title() [Internet | Blog o marketingu, seo i biznesie] [ - Part 2]
2016-08-26 07:16:36 paged_title() [GD | Blog o marketingu, seo i biznesie] [ - Part 2]
2016-08-26 11:39:22 paged_title() [GD | Blog o marketingu, seo i biznesie] [ - Part 3]
2016-08-26 18:05:22 paged_title() [Blog o marketingu, seo i biznesie] [ - Part 5]
2016-08-26 21:44:54 paged_title() [Katalog | Blog o marketingu, seo i biznesie] [ - Part 2]
2016-08-27 02:29:38 paged_title() [Blog o marketingu, seo i biznesie] [ - Part 2]
2016-08-27 08:45:31 paged_title() [Marketing | Blog o marketingu, seo i biznesie] [ - Part 2]
2016-08-27 23:03:54 paged_title() [Seo | Blog o marketingu, seo i biznesie] [ - Part 2]
2016-08-28 00:36:52 paged_title() [Katalog | Blog o marketingu, seo i biznesie] [ - Part 2]
2016-08-28 03:05:56 paged_title() [Blog o marketingu, seo i biznesie] [ - Part 5]
2016-08-28 03:29:32 paged_title() [Blog o marketingu, seo i biznesie] [ - Part 2]
2016-08-28 10:36:28 paged_title() [GD | Blog o marketingu, seo i biznesie] [ - Part 2]
2016-08-28 10:39:51 paged_title() [Blog o marketingu, seo i biznesie] [ - Part 3]
2016-08-28 10:39:52 paged_title() [Blog o marketingu, seo i biznesie] [ - Part 3]
2016-08-28 10:55:28 paged_title() [Katalogi stron | Blog o marketingu, seo i biznesie] [ - Part 2]
2016-08-28 15:25:42 paged_title() [Katalogi | Blog o marketingu, seo i biznesie] [ - Part 2]
2016-08-29 00:19:06 paged_title() [Firma | Blog o marketingu, seo i biznesie] [ - Part 2]
2016-08-29 10:14:25 paged_title() [Blog o marketingu, seo i biznesie] [ - Part 2]
2016-08-29 10:18:42 paged_title() [Internet | Blog o marketingu, seo i biznesie] [ - Part 2]
2016-08-29 10:24:01 paged_title() [Blog o marketingu, seo i biznesie] [ - Part 5]
2016-08-29 10:31:02 paged_title() [Pozycjonowanie | Blog o marketingu, seo i biznesie] [ - Part 2]
2016-08-29 10:32:56 paged_title() [GD | Blog o marketingu, seo i biznesie] [ - Part 5]
2016-08-29 10:34:37 paged_title() [Blog o marketingu, seo i biznesie] [ - Part 4]
2016-08-29 10:35:57 paged_title() [Katalog Stron | Blog o marketingu, seo i biznesie] [ - Part 2]
2016-08-29 10:48:13 paged_title() [Seo | Blog o marketingu, seo i biznesie] [ - Part 2]
2016-08-29 10:50:29 paged_title() [GD | Blog o marketingu, seo i biznesie] [ - Part 3]
2016-08-29 10:53:14 paged_title() [Seo | Blog o marketingu, seo i biznesie] [ - Part 2]
2016-08-29 10:54:20 paged_title() [Marketing | Blog o marketingu, seo i biznesie] [ - Part 2]
2016-08-29 10:54:37 paged_title() [Seo | Blog o marketingu, seo i biznesie] [ - Part 3]
2016-08-29 10:57:45 paged_title() [Katalog | Blog o marketingu, seo i biznesie] [ - Part 2]
2016-08-29 10:57:53 paged_title() [GD | Blog o marketingu, seo i biznesie] [ - Part 4]
2016-08-30 12:01:30 paged_title() [Blog o marketingu, seo i biznesie] [ - Part 2]
2016-08-30 12:01:46 paged_title() [Blog o marketingu, seo i biznesie] [ - Part 3]
2016-08-30 16:44:48 paged_title() [Blog o marketingu, seo i biznesie] [ - Part 4]
2016-08-30 16:44:59 paged_title() [Blog o marketingu, seo i biznesie] [ - Part 5]
2016-08-30 21:27:25 paged_title() [GD | Blog o marketingu, seo i biznesie] [ - Part 5]
2016-08-31 00:19:26 paged_title() [Seo | Blog o marketingu, seo i biznesie] [ - Part 3]
2016-08-31 08:18:30 paged_title() [Katalog | Blog o marketingu, seo i biznesie] [ - Part 2]
2016-08-31 14:44:27 paged_title() [Blog o marketingu, seo i biznesie] [ - Part 2]
2016-08-31 14:44:32 paged_title() [Blog o marketingu, seo i biznesie] [ - Part 3]
2016-08-31 15:05:57 paged_title() [Seo | Blog o marketingu, seo i biznesie] [ - Part 2]
2016-08-31 15:13:02 paged_title() [GD | Blog o marketingu, seo i biznesie] [ - Part 3]
2016-08-31 15:13:22 paged_title() [GD | Blog o marketingu, seo i biznesie] [ - Part 2]
2016-08-31 15:20:23 paged_title() [Firma | Blog o marketingu, seo i biznesie] [ - Part 2]
2016-08-31 15:21:51 paged_title() [Katalogi | Blog o marketingu, seo i biznesie] [ - Part 2]
2016-08-31 15:27:01 paged_title() [Seo | Blog o marketingu, seo i biznesie] [ - Part 2]
2016-08-31 19:30:16 paged_title() [Blog o marketingu, seo i biznesie] [ - Part 2]
2016-08-31 19:33:05 paged_title() [Blog o marketingu, seo i biznesie] [ - Part 2]
2016-08-31 19:34:40 paged_title() [Blog o marketingu, seo i biznesie] [ - Part 2]
2016-08-31 19:37:44 paged_title() [Blog o marketingu, seo i biznesie] [ - Part 2]
2016-08-31 19:38:10 paged_title() [Blog o marketingu, seo i biznesie] [ - Part 3]
2016-08-31 19:38:43 paged_title() [Blog o marketingu, seo i biznesie] [ - Part 3]
2016-08-31 19:39:19 paged_title() [Blog o marketingu, seo i biznesie] [ - Part 2]
2016-08-31 19:39:51 paged_title() [Blog o marketingu, seo i biznesie] [ - Part 3]
2016-08-31 19:41:19 paged_title() [Blog o marketingu, seo i biznesie] [ - Part 3]
2016-08-31 19:41:51 paged_title() [Blog o marketingu, seo i biznesie] [ - Part 2]
2016-08-31 19:42:06 paged_title() [Blog o marketingu, seo i biznesie] [ - Part 3]
2016-08-31 19:43:24 paged_title() [Blog o marketingu, seo i biznesie] [ - Part 3]
2016-08-31 19:43:38 paged_title() [Blog o marketingu, seo i biznesie] [ - Part 4]
2016-08-31 19:45:24 paged_title() [Blog o marketingu, seo i biznesie] [ - Part 4]
2016-08-31 19:45:43 paged_title() [Blog o marketingu, seo i biznesie] [ - Part 4]
2016-08-31 19:46:34 paged_title() [Blog o marketingu, seo i biznesie] [ - Part 4]
2016-08-31 19:47:03 paged_title() [Blog o marketingu, seo i biznesie] [ - Part 5]
2016-08-31 23:02:43 paged_title() [Pozycjonowanie | Blog o marketingu, seo i biznesie] [ - Part 2]
2016-09-01 12:02:49 paged_title() [Internet | Blog o marketingu, seo i biznesie] [ - Part 2]
2016-09-01 12:52:26 paged_title() [Marketing | Blog o marketingu, seo i biznesie] [ - Part 2]
2016-09-03 20:39:44 paged_title() [Seo | Blog o marketingu, seo i biznesie] [ - Part 2]
2016-09-05 04:20:11 paged_title() [Katalog Stron | Blog o marketingu, seo i biznesie] [ - Part 2]
2016-09-05 05:01:07 paged_title() [Pozycjonowanie | Blog o marketingu, seo i biznesie] [ - Part 2]
2016-09-05 07:39:23 paged_title() [Blog o marketingu, seo i biznesie] [ - Part 2]
2016-09-05 16:53:58 paged_title() [Blog o marketingu, seo i biznesie] [ - Part 4]
2016-09-05 17:43:55 paged_title() [GD | Blog o marketingu, seo i biznesie] [ - Part 2]
2016-09-05 21:57:37 paged_title() [Katalogi stron | Blog o marketingu, seo i biznesie] [ - Part 2]
2016-09-06 11:24:07 paged_title() [GD | Blog o marketingu, seo i biznesie] [ - Part 3]
2016-09-07 02:40:22 paged_title() [Blog o marketingu, seo i biznesie] [ - Part 2]
2016-09-07 02:55:14 paged_title() [Blog o marketingu, seo i biznesie] [ - Part 3]
2016-09-07 03:25:13 paged_title() [Blog o marketingu, seo i biznesie] [ - Part 5]
2016-09-07 08:21:30 paged_title() [Seo | Blog o marketingu, seo i biznesie] [ - Part 3]
2016-09-07 09:05:49 paged_title() [GD | Blog o marketingu, seo i biznesie] [ - Part 2]
2016-09-07 12:04:53 paged_title() [Katalogi | Blog o marketingu, seo i biznesie] [ - Part 2]
2016-09-07 18:01:07 paged_title() [Seo | Blog o marketingu, seo i biznesie] [ - Part 2]
2016-09-07 18:28:48 paged_title() [Firma | Blog o marketingu, seo i biznesie] [ - Part 2]
2016-09-07 20:39:56 paged_title() [Katalogi stron | Blog o marketingu, seo i biznesie] [ - Part 2]
2016-09-07 23:40:11 paged_title() [Pozycjonowanie | Blog o marketingu, seo i biznesie] [ - Part 2]
2016-09-08 03:13:34 paged_title() [Blog o marketingu, seo i biznesie] [ - Part 2]
2016-09-08 03:13:47 paged_title() [Blog o marketingu, seo i biznesie] [ - Part 3]
2016-09-08 08:31:28 paged_title() [Katalog Stron | Blog o marketingu, seo i biznesie] [ - Part 2]
